(0000) 3000  0011000000000000 (   5)                 .ORIG x3000
(3000) E020  1110000000100000 (   7) askuser         LEA   R0 prompt
(3001) F022  1111000000100010 (   8)                 TRAP  x22
(3002) E22E  1110001000101110 (  11)                 LEA   R1 digit
(3003) 54A0  0101010010100000 (  12)                 AND   R2 R2 #0
(3004) F020  1111000000100000 (  14) loop            TRAP  x20
(3005) 14A1  0001010010100001 (  15)                 ADD   R2 R2 #1
(3006) 7040  0111000001000000 (  16)                 STR   R0 R1 #0
(3007) 1261  0001001001100001 (  18)                 ADD   R1 R1 #1
(3008) F021  1111000000100001 (  19)                 TRAP  x21
(3009) 1036  0001000000110110 (  20)                 ADD   R0 R0 #-10
(300A) 0402  0000010000000010 (  21)                 BRZ   check
(300B) 0FF8  0000111111111000 (  22)                 BRNZP loop
(300C) F025  1111000000100101 (  24) stop            TRAP  x25
(300D) 14BE  0001010010111110 (  27) check           ADD   R2 R2 #-2
(300E) 0401  0000010000000001 (  28)                 BRZ   checksv
(300F) 0FFC  0000111111111100 (  29)                 BRNZP stop
(3010) 2620  0010011000100000 (  31) checksv         LD    R3 digit
(3011) 282A  0010100000101010 (  32)                 LD    R4 digit9
(3012) 16C4  0001011011000100 (  33)                 ADD   R3 R3 R4
(3013) 03F8  0000001111111000 (  34)                 BRP   stop
(3014) 261C  0010011000011100 (  37) binary          LD    R3 digit
(3015) 2825  0010100000100101 (  38)                 LD    R4 digit0
(3016) 10C4  0001000011000100 (  39)                 ADD   R0 R3 R4
(3017) 1AC4  0001101011000100 (  40)                 ADD   R5 R3 R4
(3018) 1000  0001000000000000 (  41)                 ADD   R0 R0 R0
(3019) 1000  0001000000000000 (  42)                 ADD   R0 R0 R0
(301A) 1140  0001000101000000 (  43)                 ADD   R0 R5 R0
(301B) E222  1110001000100010 (  44)                 LEA   R1 num0
(301C) 1001  0001000000000001 (  45)                 ADD   R0 R0 R1
(301D) F022  1111000000100010 (  46)                 TRAP  x22
(301E) 201E  0010000000011110 (  47)                 LD    R0 enter
(301F) F021  1111000000100001 (  48)                 TRAP  x21
(3020) 0FDF  0000111111011111 (  49)                 BRNZP askuser
(3021) 0045  0000000001000101 (  51) prompt          .FILL x0045
(3022) 006E  0000000001101110 (  51)                 .FILL x006E
(3023) 0074  0000000001110100 (  51)                 .FILL x0074
(3024) 0065  0000000001100101 (  51)                 .FILL x0065
(3025) 0072  0000000001110010 (  51)                 .FILL x0072
(3026) 0020  0000000000100000 (  51)                 .FILL x0020
(3027) 0061  0000000001100001 (  51)                 .FILL x0061
(3028) 0020  0000000000100000 (  51)                 .FILL x0020
(3029) 0064  0000000001100100 (  51)                 .FILL x0064
(302A) 0069  0000000001101001 (  51)                 .FILL x0069
(302B) 0067  0000000001100111 (  51)                 .FILL x0067
(302C) 0069  0000000001101001 (  51)                 .FILL x0069
(302D) 0074  0000000001110100 (  51)                 .FILL x0074
(302E) 003A  0000000000111010 (  51)                 .FILL x003A
(302F) 0020  0000000000100000 (  51)                 .FILL x0020
(3030) 0000  0000000000000000 (  51)                 .FILL x0000
(3031) 0000  0000000000000000 (  53) digit           .FILL x0000
(3032) 0000  0000000000000000 (  53)                 .FILL x0000
(3033) 0000  0000000000000000 (  53)                 .FILL x0000
(3034) 0000  0000000000000000 (  53)                 .FILL x0000
(3035) 0000  0000000000000000 (  53)                 .FILL x0000
(3036) 0000  0000000000000000 (  53)                 .FILL x0000
(3037) 0000  0000000000000000 (  53)                 .FILL x0000
(3038) 0000  0000000000000000 (  53)                 .FILL x0000
(3039) 0000  0000000000000000 (  53)                 .FILL x0000
(303A) 0000  0000000000000000 (  53)                 .FILL x0000
(303B) FFD0  1111111111010000 (  53) digit0          .FILL xFFD0
(303C) FFC7  1111111111000111 (  54) digit9          .FILL xFFC7
(303D) 000A  0000000000001010 (  55) enter           .FILL x000A
(303E) 0030  0000000000110000 (  58) num0            .FILL x0030
(303F) 0030  0000000000110000 (  58)                 .FILL x0030
(3040) 0030  0000000000110000 (  58)                 .FILL x0030
(3041) 0030  0000000000110000 (  58)                 .FILL x0030
(3042) 0000  0000000000000000 (  58)                 .FILL x0000
(3043) 0030  0000000000110000 (  59) num1            .FILL x0030
(3044) 0030  0000000000110000 (  59)                 .FILL x0030
(3045) 0030  0000000000110000 (  59)                 .FILL x0030
(3046) 0031  0000000000110001 (  59)                 .FILL x0031
(3047) 0000  0000000000000000 (  59)                 .FILL x0000
(3048) 0030  0000000000110000 (  60) num2            .FILL x0030
(3049) 0030  0000000000110000 (  60)                 .FILL x0030
(304A) 0031  0000000000110001 (  60)                 .FILL x0031
(304B) 0030  0000000000110000 (  60)                 .FILL x0030
(304C) 0000  0000000000000000 (  60)                 .FILL x0000
(304D) 0030  0000000000110000 (  61) num3            .FILL x0030
(304E) 0030  0000000000110000 (  61)                 .FILL x0030
(304F) 0031  0000000000110001 (  61)                 .FILL x0031
(3050) 0031  0000000000110001 (  61)                 .FILL x0031
(3051) 0000  0000000000000000 (  61)                 .FILL x0000
(3052) 0030  0000000000110000 (  62) num4            .FILL x0030
(3053) 0031  0000000000110001 (  62)                 .FILL x0031
(3054) 0030  0000000000110000 (  62)                 .FILL x0030
(3055) 0030  0000000000110000 (  62)                 .FILL x0030
(3056) 0000  0000000000000000 (  62)                 .FILL x0000
(3057) 0030  0000000000110000 (  63) num5            .FILL x0030
(3058) 0031  0000000000110001 (  63)                 .FILL x0031
(3059) 0030  0000000000110000 (  63)                 .FILL x0030
(305A) 0031  0000000000110001 (  63)                 .FILL x0031
(305B) 0000  0000000000000000 (  63)                 .FILL x0000
(305C) 0030  0000000000110000 (  64) num6            .FILL x0030
(305D) 0031  0000000000110001 (  64)                 .FILL x0031
(305E) 0031  0000000000110001 (  64)                 .FILL x0031
(305F) 0030  0000000000110000 (  64)                 .FILL x0030
(3060) 0000  0000000000000000 (  64)                 .FILL x0000
(3061) 0030  0000000000110000 (  65) num7            .FILL x0030
(3062) 0031  0000000000110001 (  65)                 .FILL x0031
(3063) 0031  0000000000110001 (  65)                 .FILL x0031
(3064) 0031  0000000000110001 (  65)                 .FILL x0031
(3065) 0000  0000000000000000 (  65)                 .FILL x0000
(3066) 0031  0000000000110001 (  66) num8            .FILL x0031
(3067) 0030  0000000000110000 (  66)                 .FILL x0030
(3068) 0030  0000000000110000 (  66)                 .FILL x0030
(3069) 0030  0000000000110000 (  66)                 .FILL x0030
(306A) 0000  0000000000000000 (  66)                 .FILL x0000
(306B) 0031  0000000000110001 (  67) num9            .FILL x0031
(306C) 0030  0000000000110000 (  67)                 .FILL x0030
(306D) 0030  0000000000110000 (  67)                 .FILL x0030
(306E) 0031  0000000000110001 (  67)                 .FILL x0031
(306F) 0000  0000000000000000 (  67)                 .FILL x0000
