(0000) 3000  0011000000000000 (   5)                 .ORIG x3000
(3000) E02E  1110000000101110 (   7) askuser         LEA   R0 prompt
(3001) F022  1111000000100010 (   8)                 TRAP  x22
(3002) E24A  1110001001001010 (   9)                 LEA   R1 input
(3003) 54A0  0101010010100000 (  10)                 AND   R2 R2 #0
(3004) F020  1111000000100000 (  12) loop            TRAP  x20
(3005) 14A1  0001010010100001 (  13)                 ADD   R2 R2 #1
(3006) 7040  0111000001000000 (  14)                 STR   R0 R1 #0
(3007) 1261  0001001001100001 (  16)                 ADD   R1 R1 #1
(3008) F021  1111000000100001 (  17)                 TRAP  x21
(3009) 1036  0001000000110110 (  18)                 ADD   R0 R0 #-10
(300A) 0403  0000010000000011 (  19)                 BRZ   check
(300B) 0FF8  0000111111111000 (  20)                 BRNZP loop
(300C) F025  1111000000100101 (  23) fibonacci       TRAP  x25
(300D) 0FF2  0000111111110010 (  26) reask           BRNZP askuser
(300E) 14BE  0001010010111110 (  28) check           ADD   R2 R2 #-2
(300F) 0401  0000010000000001 (  29)                 BRZ   singlechar
(3010) 0209  0000001000001001 (  30)                 BRP   morechar
(3011) 263B  0010011000111011 (  33) singlechar      LD    R3 input
(3012) 2845  0010100001000101 (  34)                 LD    R4 digit3
(3013) 16C4  0001011011000100 (  35)                 ADD   R3 R3 R4
(3014) 09F8  0000100111111000 (  36)                 BRN   reask
(3015) 2637  0010011000110111 (  37)                 LD    R3 input
(3016) 2843  0010100001000011 (  38)                 LD    R4 digit9
(3017) 16C4  0001011011000100 (  39)                 ADD   R3 R3 R4
(3018) 03F4  0000001111110100 (  40)                 BRP   reask
(3019) 0FF2  0000111111110010 (  41)                 BRNZP fibonacci
(301A) 14BF  0001010010111111 (  43) morechar        ADD   R2 R2 #-1
(301B) 03F1  0000001111110001 (  44)                 BRP   reask
(301C) 2630  0010011000110000 (  45)                 LD    R3 input
(301D) 2A39  0010101000111001 (  46)                 LD    R5 digit0
(301E) 1AC5  0001101011000101 (  47)                 ADD   R5 R3 R5
(301F) 09ED  0000100111101101 (  48)                 BRN   reask
(3020) 2838  0010100000111000 (  49)                 LD    R4 digit2
(3021) 16C4  0001011011000100 (  50)                 ADD   R3 R3 R4
(3022) 03EA  0000001111101010 (  51)                 BRP   reask
(3023) 0405  0000010000000101 (  52)                 BRZ   twentydigit
(3024) E628  1110011000101000 (  53)                 LEA   R3 input
(3025) 66C1  0110011011000001 (  54)                 LDR   R3 R3 #1
(3026) 2833  0010100000110011 (  55)                 LD    R4 digit9
(3027) 16C4  0001011011000100 (  56)                 ADD   R3 R3 R4
(3028) 0DE3  0000110111100011 (  57)                 BRNZ  fibonacci
(3029) E623  1110011000100011 (  60) twentydigit     LEA   R3 input
(302A) 66C1  0110011011000001 (  61)                 LDR   R3 R3 #1
(302B) 282C  0010100000101100 (  62)                 LD    R4 digit3
(302C) 16C4  0001011011000100 (  63)                 ADD   R3 R3 R4
(302D) 0DDE  0000110111011110 (  64)                 BRNZ  fibonacci
(302E) 0FDE  0000111111011110 (  65)                 BRNZP reask
(302F) 0045  0000000001000101 (  68) prompt          .FILL x0045
(3030) 006E  0000000001101110 (  68)                 .FILL x006E
(3031) 0074  0000000001110100 (  68)                 .FILL x0074
(3032) 0065  0000000001100101 (  68)                 .FILL x0065
(3033) 0072  0000000001110010 (  68)                 .FILL x0072
(3034) 0020  0000000000100000 (  68)                 .FILL x0020
(3035) 0061  0000000001100001 (  68)                 .FILL x0061
(3036) 0020  0000000000100000 (  68)                 .FILL x0020
(3037) 006E  0000000001101110 (  68)                 .FILL x006E
(3038) 0075  0000000001110101 (  68)                 .FILL x0075
(3039) 006D  0000000001101101 (  68)                 .FILL x006D
(303A) 0062  0000000001100010 (  68)                 .FILL x0062
(303B) 0065  0000000001100101 (  68)                 .FILL x0065
(303C) 0072  0000000001110010 (  68)                 .FILL x0072
(303D) 0020  0000000000100000 (  68)                 .FILL x0020
(303E) 0066  0000000001100110 (  68)                 .FILL x0066
(303F) 0072  0000000001110010 (  68)                 .FILL x0072
(3040) 006F  0000000001101111 (  68)                 .FILL x006F
(3041) 006D  0000000001101101 (  68)                 .FILL x006D
(3042) 0020  0000000000100000 (  68)                 .FILL x0020
(3043) 0033  0000000000110011 (  68)                 .FILL x0033
(3044) 0020  0000000000100000 (  68)                 .FILL x0020
(3045) 0074  0000000001110100 (  68)                 .FILL x0074
(3046) 006F  0000000001101111 (  68)                 .FILL x006F
(3047) 0020  0000000000100000 (  68)                 .FILL x0020
(3048) 0032  0000000000110010 (  68)                 .FILL x0032
(3049) 0033  0000000000110011 (  68)                 .FILL x0033
(304A) 003A  0000000000111010 (  68)                 .FILL x003A
(304B) 0020  0000000000100000 (  68)                 .FILL x0020
(304C) 0000  0000000000000000 (  68)                 .FILL x0000
(304D) 0000  0000000000000000 (  70) input           .FILL x0000
(304E) 0000  0000000000000000 (  70)                 .FILL x0000
(304F) 0000  0000000000000000 (  70)                 .FILL x0000
(3050) 0000  0000000000000000 (  70)                 .FILL x0000
(3051) 0000  0000000000000000 (  70)                 .FILL x0000
(3052) 0000  0000000000000000 (  70)                 .FILL x0000
(3053) 0000  0000000000000000 (  70)                 .FILL x0000
(3054) 0000  0000000000000000 (  70)                 .FILL x0000
(3055) 0000  0000000000000000 (  70)                 .FILL x0000
(3056) 0000  0000000000000000 (  70)                 .FILL x0000
(3057) FFD0  1111111111010000 (  70) digit0          .FILL xFFD0
(3058) FFCD  1111111111001101 (  71) digit3          .FILL xFFCD
(3059) FFCE  1111111111001110 (  72) digit2          .FILL xFFCE
(305A) FFC7  1111111111000111 (  73) digit9          .FILL xFFC7
(305B) 0020  0000000000100000 (  74) space           .FILL x0020
(305C) 000A  0000000000001010 (  75) enter           .FILL x000A
